mode: atomic
github.com/deqode/GoArcc/util/ctxhelper/ctxhelper.go:20.89,22.2 1 1
github.com/deqode/GoArcc/util/ctxhelper/ctxhelper.go:25.84,28.2 2 1
github.com/deqode/GoArcc/util/ctxhelper/ctxhelper.go:32.80,34.2 1 0
github.com/deqode/GoArcc/util/ctxhelper/ctxhelper.go:37.75,40.2 2 0
github.com/deqode/GoArcc/util/ctxhelper/ctxhelper.go:44.74,46.2 1 0
github.com/deqode/GoArcc/util/ctxhelper/ctxhelper.go:49.69,52.2 2 0
github.com/deqode/GoArcc/util/ctxhelper/ctxhelper.go:56.80,58.2 1 0
github.com/deqode/GoArcc/util/ctxhelper/ctxhelper.go:61.75,64.2 2 0
